2018-11-27 17:18:15,278 [INFO] from play.api.db.DefaultDBApi in play-dev-mode-akka.actor.default-dispatcher-2 - Database [default] initialized at jdbc:mysql://localhost/blog_schema?useUnicode=true&useJDBCCompliantTimezoneShift=true&useLegacyDatetimeCode=false&serverTimezone=UTC
2018-11-27 17:18:15,290 [INFO] from application in play-dev-mode-akka.actor.default-dispatcher-2 - Creating Pool for datasource 'default'
2018-11-27 17:18:15,589 [INFO] from play.api.db.HikariCPConnectionPool in play-dev-mode-akka.actor.default-dispatcher-2 - datasource [default] bound to JNDI as DefaultDS
2018-11-27 17:18:16,003 [INFO] from play.api.http.EnabledFilters in play-dev-mode-akka.actor.default-dispatcher-2 - Enabled Filters (see <https://www.playframework.com/documentation/latest/Filters>):

    play.filters.csrf.CSRFFilter
    play.filters.headers.SecurityHeadersFilter
    play.filters.hosts.AllowedHostsFilter

2018-11-27 17:18:16,052 [INFO] from play.api.Play in play-dev-mode-akka.actor.default-dispatcher-2 - Application started (Dev)
2018-11-27 17:18:56,926 [INFO] from application in application-akka.actor.default-dispatcher-6 - Shutting down connection pool.
2018-11-27 17:18:57,270 [INFO] from play.api.db.DefaultDBApi in play-dev-mode-akka.actor.default-dispatcher-10 - Database [default] initialized at jdbc:mysql://localhost/blog_schema?useUnicode=true&useJDBCCompliantTimezoneShift=true&useLegacyDatetimeCode=false&serverTimezone=UTC
2018-11-27 17:18:57,270 [INFO] from application in play-dev-mode-akka.actor.default-dispatcher-10 - Creating Pool for datasource 'default'
2018-11-27 17:18:57,282 [INFO] from play.api.db.HikariCPConnectionPool in play-dev-mode-akka.actor.default-dispatcher-10 - datasource [default] bound to JNDI as DefaultDS
2018-11-27 17:18:57,501 [INFO] from play.api.http.EnabledFilters in play-dev-mode-akka.actor.default-dispatcher-10 - Enabled Filters (see <https://www.playframework.com/documentation/latest/Filters>):

    play.filters.csrf.CSRFFilter
    play.filters.headers.SecurityHeadersFilter
    play.filters.hosts.AllowedHostsFilter

2018-11-27 17:18:57,511 [INFO] from play.api.Play in play-dev-mode-akka.actor.default-dispatcher-10 - Application started (Dev)
2018-11-27 17:19:08,351 [INFO] from application in application-akka.actor.default-dispatcher-9 - Shutting down connection pool.
2018-11-27 17:19:08,534 [INFO] from play.api.db.DefaultDBApi in play-dev-mode-akka.actor.default-dispatcher-10 - Database [default] initialized at jdbc:mysql://localhost/blog_schema?useUnicode=true&useJDBCCompliantTimezoneShift=true&useLegacyDatetimeCode=false&serverTimezone=UTC
2018-11-27 17:19:08,535 [INFO] from application in play-dev-mode-akka.actor.default-dispatcher-10 - Creating Pool for datasource 'default'
2018-11-27 17:19:08,543 [INFO] from play.api.db.HikariCPConnectionPool in play-dev-mode-akka.actor.default-dispatcher-10 - datasource [default] bound to JNDI as DefaultDS
2018-11-27 17:19:08,746 [INFO] from play.api.http.EnabledFilters in play-dev-mode-akka.actor.default-dispatcher-10 - Enabled Filters (see <https://www.playframework.com/documentation/latest/Filters>):

    play.filters.csrf.CSRFFilter
    play.filters.headers.SecurityHeadersFilter
    play.filters.hosts.AllowedHostsFilter

2018-11-27 17:19:08,755 [INFO] from play.api.Play in play-dev-mode-akka.actor.default-dispatcher-10 - Application started (Dev)
2018-11-27 17:24:30,273 [INFO] from application in application-akka.actor.default-dispatcher-11 - Shutting down connection pool.
2018-11-27 17:24:30,536 [INFO] from play.api.db.DefaultDBApi in play-dev-mode-akka.actor.default-dispatcher-21 - Database [default] initialized at jdbc:mysql://localhost/blog_schema?useUnicode=true&useJDBCCompliantTimezoneShift=true&useLegacyDatetimeCode=false&serverTimezone=UTC
2018-11-27 17:24:30,536 [INFO] from application in play-dev-mode-akka.actor.default-dispatcher-21 - Creating Pool for datasource 'default'
2018-11-27 17:24:30,553 [INFO] from play.api.db.HikariCPConnectionPool in play-dev-mode-akka.actor.default-dispatcher-21 - datasource [default] bound to JNDI as DefaultDS
2018-11-27 17:24:30,815 [INFO] from play.api.http.EnabledFilters in play-dev-mode-akka.actor.default-dispatcher-21 - Enabled Filters (see <https://www.playframework.com/documentation/latest/Filters>):

    play.filters.csrf.CSRFFilter
    play.filters.headers.SecurityHeadersFilter
    play.filters.hosts.AllowedHostsFilter

2018-11-27 17:24:30,824 [INFO] from play.api.Play in play-dev-mode-akka.actor.default-dispatcher-21 - Application started (Dev)
2018-11-27 17:25:47,798 [INFO] from application in application-akka.actor.default-dispatcher-10 - Shutting down connection pool.
2018-11-27 17:25:47,989 [INFO] from play.api.db.DefaultDBApi in play-dev-mode-akka.actor.default-dispatcher-24 - Database [default] initialized at jdbc:mysql://localhost/blog_schema?useUnicode=true&useJDBCCompliantTimezoneShift=true&useLegacyDatetimeCode=false&serverTimezone=UTC
2018-11-27 17:25:47,989 [INFO] from application in play-dev-mode-akka.actor.default-dispatcher-24 - Creating Pool for datasource 'default'
2018-11-27 17:25:47,997 [INFO] from play.api.db.HikariCPConnectionPool in play-dev-mode-akka.actor.default-dispatcher-24 - datasource [default] bound to JNDI as DefaultDS
2018-11-27 17:25:48,175 [INFO] from play.api.http.EnabledFilters in play-dev-mode-akka.actor.default-dispatcher-24 - Enabled Filters (see <https://www.playframework.com/documentation/latest/Filters>):

    play.filters.csrf.CSRFFilter
    play.filters.headers.SecurityHeadersFilter
    play.filters.hosts.AllowedHostsFilter

2018-11-27 17:25:48,183 [INFO] from play.api.Play in play-dev-mode-akka.actor.default-dispatcher-24 - Application started (Dev)
